<?xml version="1.0" encoding="UTF-8"?>
<!-- Generated by org.testng.reporters.JUnitXMLReporter -->
<testsuite ignored="0" hostname="DESKTOP-O0RSMQB" failures="3" tests="3" name="BankingTest1" time="66.498" errors="0" timestamp="18 Jun 2019 10:17:42 GMT">
  <testcase classname="com.guru99.testCases.BaseClass" name="@AfterClass tearDown" time="0.056">
    <failure type="org.openqa.selenium.NoSuchSessionException" message="Tried to run command without establishing a connection
Build info: version: &amp;apos;3.14.0&amp;apos;, revision: &amp;apos;aacccce0&amp;apos;, time: &amp;apos;2018-08-02T20:19:58.91Z&amp;apos;
System info: host: &amp;apos;DESKTOP-O0RSMQB&amp;apos;, ip: &amp;apos;192.168.1.106&amp;apos;, os.name: &amp;apos;Windows 10&amp;apos;, os.arch: &amp;apos;amd64&amp;apos;, os.version: &amp;apos;10.0&amp;apos;, java.version: &amp;apos;11.0.2&amp;apos;
Driver info: org.openqa.selenium.firefox.FirefoxDriver
Capabilities {acceptInsecureCerts: true, browserName: firefox, browserVersion: 67.0.2, javascriptEnabled: true, moz:accessibilityChecks: false, moz:buildID: 20190607204818, moz:geckodriverVersion: 0.24.0, moz:headless: false, moz:processID: 8804, moz:profile: C:\Users\PANKAJ\AppData\Loc..., moz:shutdownTimeout: 60000, moz:useNonSpecCompliantPointerOrigin: false, moz:webdriverClick: true, pageLoadStrategy: normal, platform: WINDOWS, platformName: WINDOWS, platformVersion: 10.0, rotatable: false, setWindowRect: true, strictFileInteractability: false, timeouts: {implicit: 0, pageLoad: 300000, script: 30000}, unhandledPromptBehavior: dismiss and notify}
Session ID: 33b67231-e72c-4dc5-9b93-d7a20ef16eb5">
      <![CDATA[org.openqa.selenium.NoSuchSessionException: Tried to run command without establishing a connection
Build info: version: '3.14.0', revision: 'aacccce0', time: '2018-08-02T20:19:58.91Z'
System info: host: 'DESKTOP-O0RSMQB', ip: '192.168.1.106', os.name: 'Windows 10', os.arch: 'amd64', os.version: '10.0', java.version: '11.0.2'
Driver info: org.openqa.selenium.firefox.FirefoxDriver
Capabilities {acceptInsecureCerts: true, browserName: firefox, browserVersion: 67.0.2, javascriptEnabled: true, moz:accessibilityChecks: false, moz:buildID: 20190607204818, moz:geckodriverVersion: 0.24.0, moz:headless: false, moz:processID: 8804, moz:profile: C:\Users\PANKAJ\AppData\Loc..., moz:shutdownTimeout: 60000, moz:useNonSpecCompliantPointerOrigin: false, moz:webdriverClick: true, pageLoadStrategy: normal, platform: WINDOWS, platformName: WINDOWS, platformVersion: 10.0, rotatable: false, setWindowRect: true, strictFileInteractability: false, timeouts: {implicit: 0, pageLoad: 300000, script: 30000}, unhandledPromptBehavior: dismiss and notify}
Session ID: 33b67231-e72c-4dc5-9b93-d7a20ef16eb5
at org.openqa.selenium.remote.http.W3CHttpResponseCodec.createException(W3CHttpResponseCodec.java:187)
at org.openqa.selenium.remote.http.W3CHttpResponseCodec.decode(W3CHttpResponseCodec.java:122)
at org.openqa.selenium.remote.http.W3CHttpResponseCodec.decode(W3CHttpResponseCodec.java:49)
at org.openqa.selenium.remote.HttpCommandExecutor.execute(HttpCommandExecutor.java:158)
at org.openqa.selenium.remote.service.DriverCommandExecutor.execute(DriverCommandExecutor.java:83)
at org.openqa.selenium.remote.RemoteWebDriver.execute(RemoteWebDriver.java:548)
at org.openqa.selenium.remote.RemoteWebDriver.execute(RemoteWebDriver.java:605)
at org.openqa.selenium.remote.RemoteWebDriver.quit(RemoteWebDriver.java:448)
at com.guru99.testCases.BaseClass.tearDown(BaseClass.java:54)
at java.base/java.util.concurrent.FutureTask.run(FutureTask.java:264)
at java.base/java.util.concurrent.ThreadPoolExecutor.runWorker(ThreadPoolExecutor.java:1128)
at java.base/java.util.concurrent.ThreadPoolExecutor$Worker.run(ThreadPoolExecutor.java:628)
at java.base/java.lang.Thread.run(Thread.java:834)
... Removed 21 stack frames]]>
    </failure>
  </testcase> <!-- @AfterClass tearDown -->
  <testcase classname="com.guru99.testCases.Tc_LoginTestUsingxl" name="tc_01" time="21.2">
    <failure type="org.openqa.selenium.WebDriverException" message="Reached error page: about:neterror?e=netTimeout&amp;amp;u=http%3A//www.demo.guru99.com/V4/&amp;amp;c=UTF-8&amp;amp;f=regular&amp;amp;d=The%20server%20at%20www.demo.guru99.com%20is%20taking%20too%20long%20to%20respond.
Build info: version: &amp;apos;3.14.0&amp;apos;, revision: &amp;apos;aacccce0&amp;apos;, time: &amp;apos;2018-08-02T20:19:58.91Z&amp;apos;
System info: host: &amp;apos;DESKTOP-O0RSMQB&amp;apos;, ip: &amp;apos;192.168.1.106&amp;apos;, os.name: &amp;apos;Windows 10&amp;apos;, os.arch: &amp;apos;amd64&amp;apos;, os.version: &amp;apos;10.0&amp;apos;, java.version: &amp;apos;11.0.2&amp;apos;
Driver info: org.openqa.selenium.firefox.FirefoxDriver
Capabilities {acceptInsecureCerts: true, browserName: firefox, browserVersion: 67.0.2, javascriptEnabled: true, moz:accessibilityChecks: false, moz:buildID: 20190607204818, moz:geckodriverVersion: 0.24.0, moz:headless: false, moz:processID: 8804, moz:profile: C:\Users\PANKAJ\AppData\Loc..., moz:shutdownTimeout: 60000, moz:useNonSpecCompliantPointerOrigin: false, moz:webdriverClick: true, pageLoadStrategy: normal, platform: WINDOWS, platformName: WINDOWS, platformVersion: 10.0, rotatable: false, setWindowRect: true, strictFileInteractability: false, timeouts: {implicit: 0, pageLoad: 300000, script: 30000}, unhandledPromptBehavior: dismiss and notify}
Session ID: 33b67231-e72c-4dc5-9b93-d7a20ef16eb5">
      <![CDATA[org.openqa.selenium.WebDriverException: Reached error page: about:neterror?e=netTimeout&u=http%3A//www.demo.guru99.com/V4/&c=UTF-8&f=regular&d=The%20server%20at%20www.demo.guru99.com%20is%20taking%20too%20long%20to%20respond.
Build info: version: '3.14.0', revision: 'aacccce0', time: '2018-08-02T20:19:58.91Z'
System info: host: 'DESKTOP-O0RSMQB', ip: '192.168.1.106', os.name: 'Windows 10', os.arch: 'amd64', os.version: '10.0', java.version: '11.0.2'
Driver info: org.openqa.selenium.firefox.FirefoxDriver
Capabilities {acceptInsecureCerts: true, browserName: firefox, browserVersion: 67.0.2, javascriptEnabled: true, moz:accessibilityChecks: false, moz:buildID: 20190607204818, moz:geckodriverVersion: 0.24.0, moz:headless: false, moz:processID: 8804, moz:profile: C:\Users\PANKAJ\AppData\Loc..., moz:shutdownTimeout: 60000, moz:useNonSpecCompliantPointerOrigin: false, moz:webdriverClick: true, pageLoadStrategy: normal, platform: WINDOWS, platformName: WINDOWS, platformVersion: 10.0, rotatable: false, setWindowRect: true, strictFileInteractability: false, timeouts: {implicit: 0, pageLoad: 300000, script: 30000}, unhandledPromptBehavior: dismiss and notify}
Session ID: 33b67231-e72c-4dc5-9b93-d7a20ef16eb5
at org.openqa.selenium.remote.http.W3CHttpResponseCodec.createException(W3CHttpResponseCodec.java:187)
at org.openqa.selenium.remote.http.W3CHttpResponseCodec.decode(W3CHttpResponseCodec.java:122)
at org.openqa.selenium.remote.http.W3CHttpResponseCodec.decode(W3CHttpResponseCodec.java:49)
at org.openqa.selenium.remote.HttpCommandExecutor.execute(HttpCommandExecutor.java:158)
at org.openqa.selenium.remote.service.DriverCommandExecutor.execute(DriverCommandExecutor.java:83)
at org.openqa.selenium.remote.RemoteWebDriver.execute(RemoteWebDriver.java:548)
at org.openqa.selenium.remote.RemoteWebDriver.get(RemoteWebDriver.java:276)
at com.guru99.testCases.Tc_LoginTestUsingxl.tc_01(Tc_LoginTestUsingxl.java:13)
at java.base/java.util.concurrent.FutureTask.run(FutureTask.java:264)
at java.base/java.util.concurrent.ThreadPoolExecutor.runWorker(ThreadPoolExecutor.java:1128)
at java.base/java.util.concurrent.ThreadPoolExecutor$Worker.run(ThreadPoolExecutor.java:628)
at java.base/java.lang.Thread.run(Thread.java:834)
... Removed 20 stack frames]]>
    </failure>
  </testcase> <!-- tc_01 -->
  <testcase classname="com.guru99.testCases.Tc_LoginTestUsingxl" name="tc_01" time="21.147">
    <failure type="org.openqa.selenium.WebDriverException" message="Reached error page: about:neterror?e=netTimeout&amp;amp;u=http%3A//www.demo.guru99.com/V4/&amp;amp;c=UTF-8&amp;amp;f=regular&amp;amp;d=The%20server%20at%20www.demo.guru99.com%20is%20taking%20too%20long%20to%20respond.
Build info: version: &amp;apos;3.14.0&amp;apos;, revision: &amp;apos;aacccce0&amp;apos;, time: &amp;apos;2018-08-02T20:19:58.91Z&amp;apos;
System info: host: &amp;apos;DESKTOP-O0RSMQB&amp;apos;, ip: &amp;apos;192.168.1.106&amp;apos;, os.name: &amp;apos;Windows 10&amp;apos;, os.arch: &amp;apos;amd64&amp;apos;, os.version: &amp;apos;10.0&amp;apos;, java.version: &amp;apos;11.0.2&amp;apos;
Driver info: org.openqa.selenium.firefox.FirefoxDriver
Capabilities {acceptInsecureCerts: true, browserName: firefox, browserVersion: 67.0.2, javascriptEnabled: true, moz:accessibilityChecks: false, moz:buildID: 20190607204818, moz:geckodriverVersion: 0.24.0, moz:headless: false, moz:processID: 8804, moz:profile: C:\Users\PANKAJ\AppData\Loc..., moz:shutdownTimeout: 60000, moz:useNonSpecCompliantPointerOrigin: false, moz:webdriverClick: true, pageLoadStrategy: normal, platform: WINDOWS, platformName: WINDOWS, platformVersion: 10.0, rotatable: false, setWindowRect: true, strictFileInteractability: false, timeouts: {implicit: 0, pageLoad: 300000, script: 30000}, unhandledPromptBehavior: dismiss and notify}
Session ID: 33b67231-e72c-4dc5-9b93-d7a20ef16eb5">
      <![CDATA[org.openqa.selenium.WebDriverException: Reached error page: about:neterror?e=netTimeout&u=http%3A//www.demo.guru99.com/V4/&c=UTF-8&f=regular&d=The%20server%20at%20www.demo.guru99.com%20is%20taking%20too%20long%20to%20respond.
Build info: version: '3.14.0', revision: 'aacccce0', time: '2018-08-02T20:19:58.91Z'
System info: host: 'DESKTOP-O0RSMQB', ip: '192.168.1.106', os.name: 'Windows 10', os.arch: 'amd64', os.version: '10.0', java.version: '11.0.2'
Driver info: org.openqa.selenium.firefox.FirefoxDriver
Capabilities {acceptInsecureCerts: true, browserName: firefox, browserVersion: 67.0.2, javascriptEnabled: true, moz:accessibilityChecks: false, moz:buildID: 20190607204818, moz:geckodriverVersion: 0.24.0, moz:headless: false, moz:processID: 8804, moz:profile: C:\Users\PANKAJ\AppData\Loc..., moz:shutdownTimeout: 60000, moz:useNonSpecCompliantPointerOrigin: false, moz:webdriverClick: true, pageLoadStrategy: normal, platform: WINDOWS, platformName: WINDOWS, platformVersion: 10.0, rotatable: false, setWindowRect: true, strictFileInteractability: false, timeouts: {implicit: 0, pageLoad: 300000, script: 30000}, unhandledPromptBehavior: dismiss and notify}
Session ID: 33b67231-e72c-4dc5-9b93-d7a20ef16eb5
at org.openqa.selenium.remote.http.W3CHttpResponseCodec.createException(W3CHttpResponseCodec.java:187)
at org.openqa.selenium.remote.http.W3CHttpResponseCodec.decode(W3CHttpResponseCodec.java:122)
at org.openqa.selenium.remote.http.W3CHttpResponseCodec.decode(W3CHttpResponseCodec.java:49)
at org.openqa.selenium.remote.HttpCommandExecutor.execute(HttpCommandExecutor.java:158)
at org.openqa.selenium.remote.service.DriverCommandExecutor.execute(DriverCommandExecutor.java:83)
at org.openqa.selenium.remote.RemoteWebDriver.execute(RemoteWebDriver.java:548)
at org.openqa.selenium.remote.RemoteWebDriver.get(RemoteWebDriver.java:276)
at com.guru99.testCases.Tc_LoginTestUsingxl.tc_01(Tc_LoginTestUsingxl.java:13)
at java.base/java.util.concurrent.FutureTask.run(FutureTask.java:264)
at java.base/java.util.concurrent.ThreadPoolExecutor.runWorker(ThreadPoolExecutor.java:1128)
at java.base/java.util.concurrent.ThreadPoolExecutor$Worker.run(ThreadPoolExecutor.java:628)
at java.base/java.lang.Thread.run(Thread.java:834)
... Removed 20 stack frames]]>
    </failure>
  </testcase> <!-- tc_01 -->
  <testcase classname="com.guru99.testCases.Tc_LoginTestUsingxl" name="tc_01" time="17.147">
    <failure type="org.openqa.selenium.WebDriverException" message="Failed to decode response from marionette
Build info: version: &amp;apos;3.14.0&amp;apos;, revision: &amp;apos;aacccce0&amp;apos;, time: &amp;apos;2018-08-02T20:19:58.91Z&amp;apos;
System info: host: &amp;apos;DESKTOP-O0RSMQB&amp;apos;, ip: &amp;apos;192.168.1.106&amp;apos;, os.name: &amp;apos;Windows 10&amp;apos;, os.arch: &amp;apos;amd64&amp;apos;, os.version: &amp;apos;10.0&amp;apos;, java.version: &amp;apos;11.0.2&amp;apos;
Driver info: org.openqa.selenium.firefox.FirefoxDriver
Capabilities {acceptInsecureCerts: true, browserName: firefox, browserVersion: 67.0.2, javascriptEnabled: true, moz:accessibilityChecks: false, moz:buildID: 20190607204818, moz:geckodriverVersion: 0.24.0, moz:headless: false, moz:processID: 8804, moz:profile: C:\Users\PANKAJ\AppData\Loc..., moz:shutdownTimeout: 60000, moz:useNonSpecCompliantPointerOrigin: false, moz:webdriverClick: true, pageLoadStrategy: normal, platform: WINDOWS, platformName: WINDOWS, platformVersion: 10.0, rotatable: false, setWindowRect: true, strictFileInteractability: false, timeouts: {implicit: 0, pageLoad: 300000, script: 30000}, unhandledPromptBehavior: dismiss and notify}
Session ID: 33b67231-e72c-4dc5-9b93-d7a20ef16eb5
*** Element info: {Using=name, value=uid}">
      <![CDATA[org.openqa.selenium.WebDriverException: Failed to decode response from marionette
Build info: version: '3.14.0', revision: 'aacccce0', time: '2018-08-02T20:19:58.91Z'
System info: host: 'DESKTOP-O0RSMQB', ip: '192.168.1.106', os.name: 'Windows 10', os.arch: 'amd64', os.version: '10.0', java.version: '11.0.2'
Driver info: org.openqa.selenium.firefox.FirefoxDriver
Capabilities {acceptInsecureCerts: true, browserName: firefox, browserVersion: 67.0.2, javascriptEnabled: true, moz:accessibilityChecks: false, moz:buildID: 20190607204818, moz:geckodriverVersion: 0.24.0, moz:headless: false, moz:processID: 8804, moz:profile: C:\Users\PANKAJ\AppData\Loc..., moz:shutdownTimeout: 60000, moz:useNonSpecCompliantPointerOrigin: false, moz:webdriverClick: true, pageLoadStrategy: normal, platform: WINDOWS, platformName: WINDOWS, platformVersion: 10.0, rotatable: false, setWindowRect: true, strictFileInteractability: false, timeouts: {implicit: 0, pageLoad: 300000, script: 30000}, unhandledPromptBehavior: dismiss and notify}
Session ID: 33b67231-e72c-4dc5-9b93-d7a20ef16eb5
*** Element info: {Using=name, value=uid}
at org.openqa.selenium.remote.http.W3CHttpResponseCodec.createException(W3CHttpResponseCodec.java:187)
at org.openqa.selenium.remote.http.W3CHttpResponseCodec.decode(W3CHttpResponseCodec.java:122)
at org.openqa.selenium.remote.http.W3CHttpResponseCodec.decode(W3CHttpResponseCodec.java:49)
at org.openqa.selenium.remote.HttpCommandExecutor.execute(HttpCommandExecutor.java:158)
at org.openqa.selenium.remote.service.DriverCommandExecutor.execute(DriverCommandExecutor.java:83)
at org.openqa.selenium.remote.RemoteWebDriver.execute(RemoteWebDriver.java:548)
at org.openqa.selenium.remote.RemoteWebDriver.findElement(RemoteWebDriver.java:322)
at org.openqa.selenium.remote.RemoteWebDriver.findElementByName(RemoteWebDriver.java:400)
at org.openqa.selenium.By$ByName.findElement(By.java:284)
at org.openqa.selenium.remote.RemoteWebDriver.findElement(RemoteWebDriver.java:314)
at org.openqa.selenium.support.pagefactory.DefaultElementLocator.findElement(DefaultElementLocator.java:69)
at org.openqa.selenium.support.pagefactory.internal.LocatingElementHandler.invoke(LocatingElementHandler.java:38)
at com.sun.proxy.$Proxy15.sendKeys(Unknown Source)
at com.guru99.PageObjects.LoginPage.setUserName(LoginPage.java:28)
at com.guru99.testCases.Tc_LoginTestUsingxl.tc_01(Tc_LoginTestUsingxl.java:15)
at java.base/java.util.concurrent.FutureTask.run(FutureTask.java:264)
at java.base/java.util.concurrent.ThreadPoolExecutor.runWorker(ThreadPoolExecutor.java:1128)
at java.base/java.util.concurrent.ThreadPoolExecutor$Worker.run(ThreadPoolExecutor.java:628)
at java.base/java.lang.Thread.run(Thread.java:834)
... Removed 20 stack frames]]>
    </failure>
  </testcase> <!-- tc_01 -->
</testsuite> <!-- BankingTest1 -->
