<?xml version="1.0" encoding="UTF-8"?>
<!-- Generated by org.testng.reporters.JUnitXMLReporter -->
<testsuite ignored="0" hostname="DESKTOP-O0RSMQB" failures="1" tests="1" name="Test" time="104.794" errors="0" timestamp="14 Jun 2019 17:05:36 GMT">
  <testcase classname="com.guru99.testCases.Tc_LoginTest_001" name="loginTest" time="71.227">
    <failure type="junit.framework.AssertionFailedError">
      <![CDATA[junit.framework.AssertionFailedError
at junit.framework.Assert.fail(Assert.java:55)
at junit.framework.Assert.assertTrue(Assert.java:22)
at junit.framework.Assert.assertTrue(Assert.java:31)
at com.guru99.testCases.Tc_LoginTest_001.loginTest(Tc_LoginTest_001.java:26)
... Removed 25 stack frames]]>
    </failure>
  </testcase> <!-- loginTest -->
</testsuite> <!-- Test -->
