<?xml version="1.0" encoding="UTF-8"?>
<!-- Generated by org.testng.reporters.JUnitXMLReporter -->
<testsuite ignored="0" hostname="DESKTOP-O0RSMQB" failures="1" tests="1" name="Test" time="56.144" errors="0" timestamp="24 Jul 2019 09:33:37 GMT">
  <testcase classname="com.guru99.testCases.Tc_LoginTestUsingDp" name="tc_01" time="7.852">
    <failure type="junit.framework.AssertionFailedError">
      <![CDATA[junit.framework.AssertionFailedError
at junit.framework.Assert.fail(Assert.java:47)
at junit.framework.Assert.assertTrue(Assert.java:20)
at junit.framework.Assert.assertTrue(Assert.java:27)
at com.guru99.testCases.Tc_LoginTestUsingDp.tc_01(Tc_LoginTestUsingDp.java:20)
... Removed 28 stack frames]]>
    </failure>
  </testcase> <!-- tc_01 -->
</testsuite> <!-- Test -->
